<?xml version="1.0" encoding="UTF-8"?>
<!-- Generated by org.testng.reporters.JUnitReportReporter -->
<testsuite hostname="Vasu" failures="0" tests="1" name="mvnpract.pract2" time="8.545" errors="0" timestamp="2022-04-22T17:34:29 IST" skipped="0">
  <testcase classname="mvnpract.pract2" name="code4" time="8.545"/>
  <system-out/>
</testsuite> <!-- mvnpract.pract2 -->
